[2019-02-19 01:39:19,917] multiqc                                            [DEBUG  ]  No MultiQC config found: /projects/home/whutwagner3/miniconda2/envs/bass3/lib/python3.6/site-packages/multiqc_config.yaml
[2019-02-19 01:39:19,917] multiqc                                            [DEBUG  ]  No MultiQC config found: /projects/home/whutwagner3/.multiqc_config.yaml
[2019-02-19 01:39:19,918] multiqc                                            [DEBUG  ]  No MultiQC config found: multiqc_config.yaml
[2019-02-19 01:39:19,918] multiqc                                            [DEBUG  ]  Command used: /projects/home/whutwagner3/miniconda2/envs/bass3/bin/multiqc temp/fastqc_output/CGT3662_1_fastqc.zip temp/fastqc_output/CGT3662_2_fastqc.zip temp/fastqc_output/CGT3662_UP_fastqc.zip -o temp/multiqc_output
[2019-02-19 01:39:20,713] multiqc                                            [DEBUG  ]  Latest MultiQC version is v1.7
[2019-02-19 01:39:20,713] multiqc                                            [INFO   ]  This is MultiQC v1.7
[2019-02-19 01:39:20,714] multiqc                                            [DEBUG  ]  Command     : /projects/home/whutwagner3/miniconda2/envs/bass3/bin/multiqc temp/fastqc_output/CGT3662_1_fastqc.zip temp/fastqc_output/CGT3662_2_fastqc.zip temp/fastqc_output/CGT3662_UP_fastqc.zip -o temp/multiqc_output
[2019-02-19 01:39:20,714] multiqc                                            [DEBUG  ]  Working dir : /projects/team3/genomeassembly
[2019-02-19 01:39:20,714] multiqc                                            [INFO   ]  Template    : default
[2019-02-19 01:39:20,714] multiqc                                            [INFO   ]  Searching 'temp/fastqc_output/CGT3662_1_fastqc.zip'
[2019-02-19 01:39:20,714] multiqc                                            [INFO   ]  Searching 'temp/fastqc_output/CGT3662_2_fastqc.zip'
[2019-02-19 01:39:20,714] multiqc                                            [INFO   ]  Searching 'temp/fastqc_output/CGT3662_UP_fastqc.zip'
[2019-02-19 01:39:20,715] multiqc                                            [DEBUG  ]  Analysing modules: custom_content, conpair, peddy, methylQA, phantompeakqualtools, qualimap, preseq, quast, qorts, rna_seqc, rsem, rseqc, busco, goleft_indexcov, disambiguate, supernova, deeptools, sargasso, verifybamid, mirtrace, happy, homer, macs2, theta2, snpeff, gatk, htseq, bcftools, featureCounts, dedup, damageprofiler, picard, prokka, samblaster, samtools, bamtools, jellyfish, vcftools, longranger, stacks, bbmap, bismark, biscuit, hicexplorer, hicup, hicpro, salmon, kallisto, slamdunk, star, hisat2, tophat, bowtie2, bowtie1, kat, leehom, adapterRemoval, clipandmerge, cutadapt, flexbar, trimmomatic, skewer, sortmerna, biobloomtools, fastq_screen, afterqc, fastp, fastqc, minionqc, clusterflow, bcl2fastq, interop, flash
[2019-02-19 01:39:20,716] multiqc                                            [DEBUG  ]  Using temporary directory for creating report: /tmp/tmp0szndswd
[2019-02-19 01:39:21,227] multiqc                                            [DEBUG  ]  No samples found: custom_content
[2019-02-19 01:39:21,233] multiqc                                            [DEBUG  ]  No samples found: conpair
[2019-02-19 01:39:21,239] multiqc                                            [DEBUG  ]  No samples found: peddy
[2019-02-19 01:39:21,245] multiqc                                            [DEBUG  ]  No samples found: methylQA
[2019-02-19 01:39:21,251] multiqc                                            [DEBUG  ]  No samples found: phantompeakqualtools
[2019-02-19 01:39:21,258] multiqc                                            [DEBUG  ]  No samples found: qualimap
[2019-02-19 01:39:21,263] multiqc                                            [DEBUG  ]  No samples found: preseq
[2019-02-19 01:39:21,269] multiqc                                            [DEBUG  ]  No samples found: quast
[2019-02-19 01:39:21,275] multiqc                                            [DEBUG  ]  No samples found: qorts
[2019-02-19 01:39:21,281] multiqc                                            [DEBUG  ]  No samples found: rna_seqc
[2019-02-19 01:39:21,286] multiqc                                            [DEBUG  ]  No samples found: rsem
[2019-02-19 01:39:21,296] multiqc                                            [DEBUG  ]  No samples found: rseqc
[2019-02-19 01:39:21,301] multiqc                                            [DEBUG  ]  No samples found: busco
[2019-02-19 01:39:21,308] multiqc                                            [DEBUG  ]  No samples found: goleft_indexcov
[2019-02-19 01:39:21,315] multiqc                                            [DEBUG  ]  No samples found: disambiguate
[2019-02-19 01:39:21,321] multiqc                                            [DEBUG  ]  No samples found: supernova
[2019-02-19 01:39:21,365] multiqc                                            [DEBUG  ]  No samples found: deeptools
[2019-02-19 01:39:21,371] multiqc                                            [DEBUG  ]  No samples found: sargasso
[2019-02-19 01:39:21,377] multiqc                                            [DEBUG  ]  No samples found: verifybamid
[2019-02-19 01:39:21,382] multiqc                                            [DEBUG  ]  No samples found: mirtrace
[2019-02-19 01:39:21,388] multiqc                                            [DEBUG  ]  No samples found: happy
[2019-02-19 01:39:21,395] multiqc                                            [DEBUG  ]  No samples found: homer
[2019-02-19 01:39:21,401] multiqc                                            [DEBUG  ]  No samples found: macs2
[2019-02-19 01:39:21,406] multiqc                                            [DEBUG  ]  No samples found: theta2
[2019-02-19 01:39:21,412] multiqc                                            [DEBUG  ]  No samples found: snpeff
[2019-02-19 01:39:21,420] multiqc                                            [DEBUG  ]  No samples found: gatk
[2019-02-19 01:39:21,425] multiqc                                            [DEBUG  ]  No samples found: htseq
[2019-02-19 01:39:21,431] multiqc                                            [DEBUG  ]  No samples found: bcftools
[2019-02-19 01:39:21,437] multiqc                                            [DEBUG  ]  No samples found: featureCounts
[2019-02-19 01:39:21,443] multiqc                                            [DEBUG  ]  No samples found: dedup
[2019-02-19 01:39:21,449] multiqc                                            [DEBUG  ]  No samples found: damageprofiler
[2019-02-19 01:39:21,460] multiqc                                            [DEBUG  ]  No samples found: picard
[2019-02-19 01:39:21,466] multiqc                                            [DEBUG  ]  No samples found: prokka
[2019-02-19 01:39:21,472] multiqc                                            [DEBUG  ]  No samples found: samblaster
[2019-02-19 01:39:21,480] multiqc                                            [DEBUG  ]  No samples found: samtools
[2019-02-19 01:39:21,486] multiqc                                            [DEBUG  ]  No samples found: bamtools
[2019-02-19 01:39:21,491] multiqc                                            [DEBUG  ]  No samples found: jellyfish
[2019-02-19 01:39:21,499] multiqc                                            [DEBUG  ]  No samples found: vcftools
[2019-02-19 01:39:21,505] multiqc                                            [DEBUG  ]  No samples found: longranger
[2019-02-19 01:39:21,511] multiqc                                            [DEBUG  ]  No samples found: stacks
[2019-02-19 01:39:21,521] multiqc                                            [DEBUG  ]  No samples found: bbmap
[2019-02-19 01:39:21,527] multiqc                                            [DEBUG  ]  No samples found: bismark
[2019-02-19 01:39:21,533] multiqc                                            [DEBUG  ]  No samples found: biscuit
[2019-02-19 01:39:21,539] multiqc                                            [DEBUG  ]  No samples found: hicexplorer
[2019-02-19 01:39:21,545] multiqc                                            [DEBUG  ]  No samples found: hicup
[2019-02-19 01:39:21,551] multiqc                                            [DEBUG  ]  No samples found: hicpro
[2019-02-19 01:39:21,557] multiqc                                            [DEBUG  ]  No samples found: salmon
[2019-02-19 01:39:21,562] multiqc                                            [DEBUG  ]  No samples found: kallisto
[2019-02-19 01:39:21,568] multiqc                                            [DEBUG  ]  No samples found: slamdunk
[2019-02-19 01:39:21,574] multiqc                                            [DEBUG  ]  No samples found: star
[2019-02-19 01:39:21,580] multiqc                                            [DEBUG  ]  No samples found: hisat2
[2019-02-19 01:39:21,586] multiqc                                            [DEBUG  ]  No samples found: tophat
[2019-02-19 01:39:21,591] multiqc                                            [DEBUG  ]  No samples found: bowtie2
[2019-02-19 01:39:21,597] multiqc                                            [DEBUG  ]  No samples found: bowtie1
[2019-02-19 01:39:21,602] multiqc                                            [DEBUG  ]  No samples found: kat
[2019-02-19 01:39:21,608] multiqc                                            [DEBUG  ]  No samples found: leehom
[2019-02-19 01:39:21,614] multiqc                                            [DEBUG  ]  No samples found: adapterRemoval
[2019-02-19 01:39:21,620] multiqc                                            [DEBUG  ]  No samples found: clipandmerge
[2019-02-19 01:39:21,625] multiqc                                            [DEBUG  ]  No samples found: cutadapt
[2019-02-19 01:39:21,631] multiqc                                            [DEBUG  ]  No samples found: flexbar
[2019-02-19 01:39:21,637] multiqc                                            [DEBUG  ]  No samples found: trimmomatic
[2019-02-19 01:39:21,642] multiqc                                            [DEBUG  ]  No samples found: skewer
[2019-02-19 01:39:21,649] multiqc                                            [DEBUG  ]  No samples found: sortmerna
[2019-02-19 01:39:21,654] multiqc                                            [DEBUG  ]  No samples found: biobloomtools
[2019-02-19 01:39:21,660] multiqc                                            [DEBUG  ]  No samples found: fastq_screen
[2019-02-19 01:39:21,667] multiqc                                            [DEBUG  ]  No samples found: afterqc
[2019-02-19 01:39:21,673] multiqc                                            [DEBUG  ]  No samples found: fastp
[2019-02-19 01:39:21,692] multiqc.modules.fastqc.fastqc                      [INFO   ]  Found 3 reports
[2019-02-19 01:39:21,808] multiqc                                            [DEBUG  ]  No samples found: minionqc
[2019-02-19 01:39:21,814] multiqc                                            [DEBUG  ]  No samples found: clusterflow
[2019-02-19 01:39:21,820] multiqc                                            [DEBUG  ]  No samples found: bcl2fastq
[2019-02-19 01:39:21,826] multiqc                                            [DEBUG  ]  No samples found: interop
[2019-02-19 01:39:21,832] multiqc                                            [DEBUG  ]  No samples found: flash
[2019-02-19 01:39:21,841] multiqc                                            [INFO   ]  Compressing plot data
[2019-02-19 01:39:21,911] multiqc                                            [INFO   ]  Report      : temp/multiqc_output/multiqc_report.html
[2019-02-19 01:39:21,912] multiqc                                            [INFO   ]  Data        : temp/multiqc_output/multiqc_data
[2019-02-19 01:39:21,912] multiqc                                            [DEBUG  ]  Moving data file from '/tmp/tmp0szndswd/multiqc_data/multiqc_fastqc.txt' to 'temp/multiqc_output/multiqc_data'
[2019-02-19 01:39:21,913] multiqc                                            [DEBUG  ]  Moving data file from '/tmp/tmp0szndswd/multiqc_data/multiqc_general_stats.txt' to 'temp/multiqc_output/multiqc_data'
[2019-02-19 01:39:21,914] multiqc                                            [DEBUG  ]  Moving data file from '/tmp/tmp0szndswd/multiqc_data/multiqc_sources.txt' to 'temp/multiqc_output/multiqc_data'
[2019-02-19 01:39:21,915] multiqc                                            [DEBUG  ]  Moving data file from '/tmp/tmp0szndswd/multiqc_data/multiqc_data.json' to 'temp/multiqc_output/multiqc_data'
[2019-02-19 01:39:22,103] multiqc                                            [INFO   ]  MultiQC complete
