/projects/home/whutwagner3/miniconda2/envs/bass3/lib/python3.6/site-packages/quast-5.0.2-py3.6.egg-info/scripts/quast.py temp/quast/CGT3662_scaffolds.fasta -o Will/wow_output/quast/

Version: 5.0.2

System information:
  OS: Linux-3.10.0-957.1.3.el7.x86_64-x86_64-with-redhat-7.6-Maipo (linux_64)
  Python version: 3.6.8
  CPUs number: 16

Started: 2019-02-19 02:04:51

Logging to /projects/team3/genomeassembly/Will/wow_output/quast/quast.log
NOTICE: Maximum number of threads is set to 4 (use --threads option to set it manually)

CWD: /projects/team3/genomeassembly
Main parameters: 
  MODE: default, threads: 4, minimum contig length: 500, minimum alignment length: 65, \
  ambiguity: one, threshold for extensive misassembly size: 1000

Contigs:
  Pre-processing...
  temp/quast/CGT3662_scaffolds.fasta ==> CGT3662_scaffolds

2019-02-19 02:04:52
Running Basic statistics processor...
  Contig files: 
    CGT3662_scaffolds
  Calculating N50 and L50...
    CGT3662_scaffolds, N50 = 1528638, L50 = 1, Total length = 2915081, GC % = 37.86, # N's per 100 kbp =  2.61
  Drawing Nx plot...
    saved to /projects/team3/genomeassembly/Will/wow_output/quast/basic_stats/Nx_plot.pdf
  Drawing cumulative plot...
    saved to /projects/team3/genomeassembly/Will/wow_output/quast/basic_stats/cumulative_plot.pdf
  Drawing GC content plot...
    saved to /projects/team3/genomeassembly/Will/wow_output/quast/basic_stats/GC_content_plot.pdf
  Drawing CGT3662_scaffolds GC content plot...
    saved to /projects/team3/genomeassembly/Will/wow_output/quast/basic_stats/CGT3662_scaffolds_GC_content_plot.pdf
  Drawing Coverage histogram (bin size: 1x)...
    saved to /projects/team3/genomeassembly/Will/wow_output/quast/basic_stats/coverage_histogram.pdf
  Drawing CGT3662_scaffolds coverage histogram (bin size: 1x)...
    saved to /projects/team3/genomeassembly/Will/wow_output/quast/basic_stats/CGT3662_scaffolds_coverage_histogram.pdf
Done.

NOTICE: Genes are not predicted by default. Use --gene-finding or --glimmer option to enable it.

2019-02-19 02:04:55
Creating large visual summaries...
This may take a while: press Ctrl-C to skip this step..
  1 of 2: Creating Icarus viewers...
  2 of 2: Creating PDF with all tables and plots...
Done

2019-02-19 02:04:56
RESULTS:
  Text versions of total report are saved to /projects/team3/genomeassembly/Will/wow_output/quast/report.txt, report.tsv, and report.tex
  Text versions of transposed total report are saved to /projects/team3/genomeassembly/Will/wow_output/quast/transposed_report.txt, transposed_report.tsv, and transposed_report.tex
  HTML version (interactive tables and plots) is saved to /projects/team3/genomeassembly/Will/wow_output/quast/report.html
  PDF version (tables and plots) is saved to /projects/team3/genomeassembly/Will/wow_output/quast/report.pdf
  Icarus (contig browser) is saved to /projects/team3/genomeassembly/Will/wow_output/quast/icarus.html
  Log is saved to /projects/team3/genomeassembly/Will/wow_output/quast/quast.log

Finished: 2019-02-19 02:04:56
Elapsed time: 0:00:04.391678
NOTICEs: 2; WARNINGs: 0; non-fatal ERRORs: 0

Thank you for using QUAST!
